<?xml version="1.0" encoding="UTF-8" ?>
<testsuites name="vitest tests" tests="5" failures="0" errors="0" time="0.041865042">
    <testsuite name="src/components/ErrorAlert.test.tsx" timestamp="2026-03-08T16:17:38.320Z" hostname="chriss-MacBook-Pro.local" tests="5" failures="0" errors="0" skipped="0" time="0.041865042">
        <testcase classname="src/components/ErrorAlert.test.tsx" name="ErrorAlert &gt; displays payment not found for 404" time="0.013041083">
        </testcase>
        <testcase classname="src/components/ErrorAlert.test.tsx" name="ErrorAlert &gt; displays server error for 500" time="0.001915833">
        </testcase>
        <testcase classname="src/components/ErrorAlert.test.tsx" name="ErrorAlert &gt; displays generic message for other status codes" time="0.001784625">
        </testcase>
        <testcase classname="src/components/ErrorAlert.test.tsx" name="ErrorAlert &gt; displays generic message for non-axios errors" time="0.001468333">
        </testcase>
        <testcase classname="src/components/ErrorAlert.test.tsx" name="ErrorAlert &gt; has alert role for accessibility" time="0.022829167">
        </testcase>
    </testsuite>
</testsuites>
